build/app/intermediates/manifest_merge_blame_file/release/manifest-merger-blame-release-report.txt
1<?xml version="1.0" encoding="utf-8"?>
2<manifest xmlns:android="http://schemas.android.com/apk/res/android"
3    package="com.fisis.fortune.app.fortunetell"
4    android:versionCode="4"
5    android:versionName="1.0.0" >
6
7    <uses-sdk
8        android:minSdkVersion="21"
8-->src\main\AndroidManifest.xml
9        android:targetSdkVersion="33" />
9-->src\main\AndroidManifest.xml
10
11    <uses-permission android:name="android.permission.INTERNET" />
11-->src\main\AndroidManifest.xml:3:5-67
11-->src\main\AndroidManifest.xml:3:22-64
12    <uses-permission android:name="android.permission.WRITE_EXTERNAL_STORAGE" />
12-->src\main\AndroidManifest.xml:4:5-81
12-->src\main\AndroidManifest.xml:4:22-78
13    <uses-permission android:name="android.permission.READ_EXTERNAL_STORAGE" />
13-->src\main\AndroidManifest.xml:5:5-80
13-->src\main\AndroidManifest.xml:5:22-77
14    <uses-permission android:name="android.permission.CAMERA" />
14-->src\main\AndroidManifest.xml:6:5-65
14-->src\main\AndroidManifest.xml:6:22-62
15    <uses-permission android:name="android.permission.ACCESS_NETWORK_STATE" />
15-->src\main\AndroidManifest.xml:7:5-79
15-->src\main\AndroidManifest.xml:7:22-76
16    <uses-permission android:name="android.permission.WAKE_LOCK" /> <!-- Permissions options for the `notification` group -->
16-->[:firebase_messaging] AndroidManifest.xml:10:5-68
16-->[:firebase_messaging] AndroidManifest.xml:10:22-65
17    <uses-permission android:name="android.permission.POST_NOTIFICATIONS" />
17-->[:firebase_messaging] AndroidManifest.xml:13:5-77
17-->[:firebase_messaging] AndroidManifest.xml:13:22-74
18    <uses-permission android:name="android.permission.BROADCAST_CLOSE_SYSTEM_DIALOGS" />
18-->[:awesome_notifications] AndroidManifest.xml:10:5-89
18-->[:awesome_notifications] AndroidManifest.xml:10:22-86
19    <uses-permission android:name="android.permission.RECEIVE_BOOT_COMPLETED" />
19-->[:awesome_notifications] AndroidManifest.xml:11:5-81
19-->[:awesome_notifications] AndroidManifest.xml:11:22-78
20    <uses-permission android:name="android.permission.VIBRATE" />
20-->[:awesome_notifications] AndroidManifest.xml:12:5-66
20-->[:awesome_notifications] AndroidManifest.xml:12:22-63
21    <uses-permission android:name="android.permission.USE_FULL_SCREEN_INTENT" />
21-->[:flutter_local_notifications] AndroidManifest.xml:11:5-81
21-->[:flutter_local_notifications] AndroidManifest.xml:11:22-78
22    <uses-permission android:name="android.permission.SCHEDULE_EXACT_ALARM" />
22-->[:flutter_local_notifications] AndroidManifest.xml:12:5-79
22-->[:flutter_local_notifications] AndroidManifest.xml:12:22-76
23    <uses-permission android:name="android.permission.FOREGROUND_SERVICE" /> <!-- Required by older versions of Google Play services to create IID tokens -->
23-->[androidx.work:work-runtime:2.7.1] AndroidManifest.xml:28:5-77
23-->[androidx.work:work-runtime:2.7.1] AndroidManifest.xml:28:22-74
24    <uses-permission android:name="com.google.android.c2dm.permission.RECEIVE" />
24-->[com.google.firebase:firebase-iid:21.1.0] AndroidManifest.xml:26:5-82
24-->[com.google.firebase:firebase-iid:21.1.0] AndroidManifest.xml:26:22-79
25    <uses-permission android:name="com.google.android.finsky.permission.BIND_GET_INSTALL_REFERRER_SERVICE" />
25-->[com.google.android.gms:play-services-measurement:21.2.0] AndroidManifest.xml:26:5-110
25-->[com.google.android.gms:play-services-measurement:21.2.0] AndroidManifest.xml:26:22-107
26    <uses-permission android:name="com.google.android.gms.permission.AD_ID" />
26-->[com.google.android.gms:play-services-measurement-impl:21.2.0] AndroidManifest.xml:27:5-79
26-->[com.google.android.gms:play-services-measurement-impl:21.2.0] AndroidManifest.xml:27:22-76
27
28    <permission
28-->[androidx.core:core:1.9.0] AndroidManifest.xml:22:5-24:47
29        android:name="com.fisis.fortune.app.fortunetell.DYNAMIC_RECEIVER_NOT_EXPORTED_PERMISSION"
29-->[androidx.core:core:1.9.0] AndroidManifest.xml:23:9-81
30        android:protectionLevel="signature" />
30-->[androidx.core:core:1.9.0] AndroidManifest.xml:24:9-44
31
32    <uses-permission android:name="com.fisis.fortune.app.fortunetell.DYNAMIC_RECEIVER_NOT_EXPORTED_PERMISSION" /> <!-- for android -->
32-->[androidx.core:core:1.9.0] AndroidManifest.xml:26:5-97
32-->[androidx.core:core:1.9.0] AndroidManifest.xml:26:22-94
33    <!-- <uses-permission android:name="com.android.launcher.permission.READ_SETTINGS"/> -->
34    <!-- <uses-permission android:name="com.android.launcher.permission.WRITE_SETTINGS"/> -->
35    <!-- <uses-permission android:name="com.android.launcher.permission.INSTALL_SHORTCUT" /> -->
36    <!-- <uses-permission android:name="com.android.launcher.permission.UNINSTALL_SHORTCUT" /> -->
37    <!-- for Samsung -->
38    <uses-permission android:name="com.sec.android.provider.badge.permission.READ" />
38-->[me.leolin:ShortcutBadger:1.1.22] AndroidManifest.xml:19:5-86
38-->[me.leolin:ShortcutBadger:1.1.22] AndroidManifest.xml:19:22-83
39    <uses-permission android:name="com.sec.android.provider.badge.permission.WRITE" /> <!-- for htc -->
39-->[me.leolin:ShortcutBadger:1.1.22] AndroidManifest.xml:20:5-87
39-->[me.leolin:ShortcutBadger:1.1.22] AndroidManifest.xml:20:22-84
40    <uses-permission android:name="com.htc.launcher.permission.READ_SETTINGS" />
40-->[me.leolin:ShortcutBadger:1.1.22] AndroidManifest.xml:23:5-81
40-->[me.leolin:ShortcutBadger:1.1.22] AndroidManifest.xml:23:22-78
41    <uses-permission android:name="com.htc.launcher.permission.UPDATE_SHORTCUT" /> <!-- for sony -->
41-->[me.leolin:ShortcutBadger:1.1.22] AndroidManifest.xml:24:5-83
41-->[me.leolin:ShortcutBadger:1.1.22] AndroidManifest.xml:24:22-80
42    <uses-permission android:name="com.sonyericsson.home.permission.BROADCAST_BADGE" />
42-->[me.leolin:ShortcutBadger:1.1.22] AndroidManifest.xml:27:5-88
42-->[me.leolin:ShortcutBadger:1.1.22] AndroidManifest.xml:27:22-85
43    <uses-permission android:name="com.sonymobile.home.permission.PROVIDER_INSERT_BADGE" /> <!-- for apex -->
43-->[me.leolin:ShortcutBadger:1.1.22] AndroidManifest.xml:28:5-92
43-->[me.leolin:ShortcutBadger:1.1.22] AndroidManifest.xml:28:22-89
44    <uses-permission android:name="com.anddoes.launcher.permission.UPDATE_COUNT" /> <!-- for solid -->
44-->[me.leolin:ShortcutBadger:1.1.22] AndroidManifest.xml:31:5-84
44-->[me.leolin:ShortcutBadger:1.1.22] AndroidManifest.xml:31:22-81
45    <uses-permission android:name="com.majeur.launcher.permission.UPDATE_BADGE" /> <!-- for huawei -->
45-->[me.leolin:ShortcutBadger:1.1.22] AndroidManifest.xml:34:5-83
45-->[me.leolin:ShortcutBadger:1.1.22] AndroidManifest.xml:34:22-80
46    <uses-permission android:name="com.huawei.android.launcher.permission.CHANGE_BADGE" />
46-->[me.leolin:ShortcutBadger:1.1.22] AndroidManifest.xml:37:5-91
46-->[me.leolin:ShortcutBadger:1.1.22] AndroidManifest.xml:37:22-88
47    <uses-permission android:name="com.huawei.android.launcher.permission.READ_SETTINGS" />
47-->[me.leolin:ShortcutBadger:1.1.22] AndroidManifest.xml:38:5-92
47-->[me.leolin:ShortcutBadger:1.1.22] AndroidManifest.xml:38:22-89
48    <uses-permission android:name="com.huawei.android.launcher.permission.WRITE_SETTINGS" /> <!-- for ZUK -->
48-->[me.leolin:ShortcutBadger:1.1.22] AndroidManifest.xml:39:5-93
48-->[me.leolin:ShortcutBadger:1.1.22] AndroidManifest.xml:39:22-90
49    <uses-permission android:name="android.permission.READ_APP_BADGE" /> <!-- for OPPO -->
49-->[me.leolin:ShortcutBadger:1.1.22] AndroidManifest.xml:42:5-73
49-->[me.leolin:ShortcutBadger:1.1.22] AndroidManifest.xml:42:22-70
50    <uses-permission android:name="com.oppo.launcher.permission.READ_SETTINGS" />
50-->[me.leolin:ShortcutBadger:1.1.22] AndroidManifest.xml:45:5-82
50-->[me.leolin:ShortcutBadger:1.1.22] AndroidManifest.xml:45:22-79
51    <uses-permission android:name="com.oppo.launcher.permission.WRITE_SETTINGS" /> <!-- for EvMe -->
51-->[me.leolin:ShortcutBadger:1.1.22] AndroidManifest.xml:46:5-83
51-->[me.leolin:ShortcutBadger:1.1.22] AndroidManifest.xml:46:22-80
52    <uses-permission android:name="me.everything.badger.permission.BADGE_COUNT_READ" />
52-->[me.leolin:ShortcutBadger:1.1.22] AndroidManifest.xml:49:5-88
52-->[me.leolin:ShortcutBadger:1.1.22] AndroidManifest.xml:49:22-85
53    <uses-permission android:name="me.everything.badger.permission.BADGE_COUNT_WRITE" />
53-->[me.leolin:ShortcutBadger:1.1.22] AndroidManifest.xml:50:5-89
53-->[me.leolin:ShortcutBadger:1.1.22] AndroidManifest.xml:50:22-86
54
55    <application
56        android:name="android.app.Application"
56-->src\main\AndroidManifest.xml:10:9-42
57        android:appComponentFactory="androidx.core.app.CoreComponentFactory"
57-->[androidx.core:core:1.9.0] AndroidManifest.xml:28:18-86
58        android:icon="@mipmap/ic_launcher"
58-->src\main\AndroidManifest.xml:11:9-43
59        android:label="Astromancy Garden" >
59-->src\main\AndroidManifest.xml:9:9-42
60        <activity
60-->src\main\AndroidManifest.xml:12:9-32:20
61            android:name="com.fisis.fortune.app.fortunetell.MainActivity"
61-->src\main\AndroidManifest.xml:13:13-41
62            android:configChanges="orientation|keyboardHidden|keyboard|screenSize|smallestScreenSize|locale|layoutDirection|fontScale|screenLayout|density|uiMode"
62-->src\main\AndroidManifest.xml:17:13-163
63            android:exported="true"
63-->src\main\AndroidManifest.xml:14:13-36
64            android:hardwareAccelerated="true"
64-->src\main\AndroidManifest.xml:18:13-47
65            android:launchMode="singleTop"
65-->src\main\AndroidManifest.xml:15:13-43
66            android:theme="@style/LaunchTheme"
66-->src\main\AndroidManifest.xml:16:13-47
67            android:windowSoftInputMode="adjustResize" >
67-->src\main\AndroidManifest.xml:19:13-55
68
69            <!--
70                 Specifies an Android theme to apply to this Activity as soon as
71                 the Android process has started. This theme is visible to the user
72                 while the Flutter UI initializes. After that, this theme continues
73                 to determine the Window background behind the Flutter UI.
74            -->
75            <meta-data
75-->src\main\AndroidManifest.xml:24:13-27:17
76                android:name="io.flutter.embedding.android.NormalTheme"
76-->src\main\AndroidManifest.xml:25:15-70
77                android:resource="@style/NormalTheme" />
77-->src\main\AndroidManifest.xml:26:15-52
78
79            <intent-filter>
79-->src\main\AndroidManifest.xml:28:13-31:29
80                <action android:name="android.intent.action.MAIN" />
80-->src\main\AndroidManifest.xml:29:17-68
80-->src\main\AndroidManifest.xml:29:25-66
81
82                <category android:name="android.intent.category.LAUNCHER" />
82-->src\main\AndroidManifest.xml:30:17-76
82-->src\main\AndroidManifest.xml:30:27-74
83            </intent-filter>
84        </activity>
85        <!--
86             Don't delete the meta-data below.
87             This is used by the Flutter tool to generate GeneratedPluginRegistrant.java
88        -->
89        <meta-data
89-->src\main\AndroidManifest.xml:35:9-37:33
90            android:name="flutterEmbedding"
90-->src\main\AndroidManifest.xml:36:13-44
91            android:value="2" />
91-->src\main\AndroidManifest.xml:37:13-30
92
93        <service
93-->[:cloud_firestore] AndroidManifest.xml:10:9-14:19
94            android:name="com.google.firebase.components.ComponentDiscoveryService"
94-->[:cloud_firestore] AndroidManifest.xml:10:18-89
95            android:directBootAware="true"
95-->[com.google.firebase:firebase-common:20.3.0] AndroidManifest.xml:34:13-43
96            android:exported="false" >
96-->[com.google.firebase:firebase-analytics-ktx:21.2.0] AndroidManifest.xml:10:13-37
97            <meta-data
97-->[:cloud_firestore] AndroidManifest.xml:11:13-13:85
98                android:name="com.google.firebase.components:io.flutter.plugins.firebase.firestore.FlutterFirebaseFirestoreRegistrar"
98-->[:cloud_firestore] AndroidManifest.xml:12:17-134
99                android:value="com.google.firebase.components.ComponentRegistrar" />
99-->[:cloud_firestore] AndroidManifest.xml:13:17-82
100            <meta-data
100-->[:firebase_auth] AndroidManifest.xml:11:13-13:85
101                android:name="com.google.firebase.components:io.flutter.plugins.firebase.auth.FlutterFirebaseAuthRegistrar"
101-->[:firebase_auth] AndroidManifest.xml:12:17-124
102                android:value="com.google.firebase.components.ComponentRegistrar" />
102-->[:firebase_auth] AndroidManifest.xml:13:17-82
103            <meta-data
103-->[:firebase_storage] AndroidManifest.xml:11:13-13:85
104                android:name="com.google.firebase.components:io.flutter.plugins.firebase.storage.FlutterFirebaseAppRegistrar"
104-->[:firebase_storage] AndroidManifest.xml:12:17-126
105                android:value="com.google.firebase.components.ComponentRegistrar" />
105-->[:firebase_storage] AndroidManifest.xml:13:17-82
106            <meta-data
106-->[:firebase_messaging] AndroidManifest.xml:38:13-40:85
107                android:name="com.google.firebase.components:io.flutter.plugins.firebase.messaging.FlutterFirebaseAppRegistrar"
107-->[:firebase_messaging] AndroidManifest.xml:39:17-128
108                android:value="com.google.firebase.components.ComponentRegistrar" />
108-->[:firebase_messaging] AndroidManifest.xml:40:17-82
109            <meta-data
109-->[:firebase_core] AndroidManifest.xml:11:13-13:85
110                android:name="com.google.firebase.components:io.flutter.plugins.firebase.core.FlutterFirebaseCoreRegistrar"
110-->[:firebase_core] AndroidManifest.xml:12:17-124
111                android:value="com.google.firebase.components.ComponentRegistrar" />
111-->[:firebase_core] AndroidManifest.xml:13:17-82
112            <meta-data
112-->[com.google.firebase:firebase-analytics-ktx:21.2.0] AndroidManifest.xml:11:13-13:85
113                android:name="com.google.firebase.components:com.google.firebase.analytics.ktx.FirebaseAnalyticsKtxRegistrar"
113-->[com.google.firebase:firebase-analytics-ktx:21.2.0] AndroidManifest.xml:12:17-126
114                android:value="com.google.firebase.components.ComponentRegistrar" />
114-->[com.google.firebase:firebase-analytics-ktx:21.2.0] AndroidManifest.xml:13:17-82
115            <meta-data
115-->[com.google.firebase:firebase-common-ktx:20.3.0] AndroidManifest.xml:14:13-16:85
116                android:name="com.google.firebase.components:com.google.firebase.ktx.FirebaseCommonKtxRegistrar"
116-->[com.google.firebase:firebase-common-ktx:20.3.0] AndroidManifest.xml:15:17-113
117                android:value="com.google.firebase.components.ComponentRegistrar" />
117-->[com.google.firebase:firebase-common-ktx:20.3.0] AndroidManifest.xml:16:17-82
118            <meta-data
118-->[com.google.firebase:firebase-iid:21.1.0] AndroidManifest.xml:32:13-34:85
119                android:name="com.google.firebase.components:com.google.firebase.iid.Registrar"
119-->[com.google.firebase:firebase-iid:21.1.0] AndroidManifest.xml:33:17-96
120                android:value="com.google.firebase.components.ComponentRegistrar" />
120-->[com.google.firebase:firebase-iid:21.1.0] AndroidManifest.xml:34:17-82
121            <meta-data
121-->[com.google.firebase:firebase-messaging:23.1.1] AndroidManifest.xml:55:13-57:85
122                android:name="com.google.firebase.components:com.google.firebase.messaging.FirebaseMessagingRegistrar"
122-->[com.google.firebase:firebase-messaging:23.1.1] AndroidManifest.xml:56:17-119
123                android:value="com.google.firebase.components.ComponentRegistrar" />
123-->[com.google.firebase:firebase-messaging:23.1.1] AndroidManifest.xml:57:17-82
124            <meta-data
124-->[com.google.firebase:firebase-auth:21.1.0] AndroidManifest.xml:67:13-69:85
125                android:name="com.google.firebase.components:com.google.firebase.auth.FirebaseAuthRegistrar"
125-->[com.google.firebase:firebase-auth:21.1.0] AndroidManifest.xml:68:17-109
126                android:value="com.google.firebase.components.ComponentRegistrar" />
126-->[com.google.firebase:firebase-auth:21.1.0] AndroidManifest.xml:69:17-82
127            <meta-data
127-->[com.google.firebase:firebase-firestore:24.4.3] AndroidManifest.xml:19:13-21:85
128                android:name="com.google.firebase.components:com.google.firebase.firestore.FirestoreRegistrar"
128-->[com.google.firebase:firebase-firestore:24.4.3] AndroidManifest.xml:20:17-111
129                android:value="com.google.firebase.components.ComponentRegistrar" />
129-->[com.google.firebase:firebase-firestore:24.4.3] AndroidManifest.xml:21:17-82
130            <meta-data
130-->[com.google.firebase:firebase-storage:20.1.0] AndroidManifest.xml:32:13-34:85
131                android:name="com.google.firebase.components:com.google.firebase.storage.StorageRegistrar"
131-->[com.google.firebase:firebase-storage:20.1.0] AndroidManifest.xml:33:17-107
132                android:value="com.google.firebase.components.ComponentRegistrar" />
132-->[com.google.firebase:firebase-storage:20.1.0] AndroidManifest.xml:34:17-82
133            <meta-data
133-->[com.google.android.gms:play-services-measurement-api:21.2.0] AndroidManifest.xml:31:13-33:85
134                android:name="com.google.firebase.components:com.google.firebase.analytics.connector.internal.AnalyticsConnectorRegistrar"
134-->[com.google.android.gms:play-services-measurement-api:21.2.0] AndroidManifest.xml:32:17-139
135                android:value="com.google.firebase.components.ComponentRegistrar" />
135-->[com.google.android.gms:play-services-measurement-api:21.2.0] AndroidManifest.xml:33:17-82
136            <meta-data
136-->[com.google.firebase:firebase-installations:17.1.2] AndroidManifest.xml:17:13-19:85
137                android:name="com.google.firebase.components:com.google.firebase.installations.FirebaseInstallationsRegistrar"
137-->[com.google.firebase:firebase-installations:17.1.2] AndroidManifest.xml:18:17-127
138                android:value="com.google.firebase.components.ComponentRegistrar" />
138-->[com.google.firebase:firebase-installations:17.1.2] AndroidManifest.xml:19:17-82
139            <meta-data
139-->[com.google.firebase:firebase-datatransport:18.1.7] AndroidManifest.xml:27:13-29:85
140                android:name="com.google.firebase.components:com.google.firebase.datatransport.TransportRegistrar"
140-->[com.google.firebase:firebase-datatransport:18.1.7] AndroidManifest.xml:28:17-115
141                android:value="com.google.firebase.components.ComponentRegistrar" />
141-->[com.google.firebase:firebase-datatransport:18.1.7] AndroidManifest.xml:29:17-82
142        </service>
143        <service
143-->[:firebase_messaging] AndroidManifest.xml:16:9-19:72
144            android:name="io.flutter.plugins.firebase.messaging.FlutterFirebaseMessagingBackgroundService"
144-->[:firebase_messaging] AndroidManifest.xml:17:13-107
145            android:exported="false"
145-->[:firebase_messaging] AndroidManifest.xml:18:13-37
146            android:permission="android.permission.BIND_JOB_SERVICE" />
146-->[:firebase_messaging] AndroidManifest.xml:19:13-69
147        <service
147-->[:firebase_messaging] AndroidManifest.xml:20:9-26:19
148            android:name="io.flutter.plugins.firebase.messaging.FlutterFirebaseMessagingService"
148-->[:firebase_messaging] AndroidManifest.xml:21:13-97
149            android:exported="false" >
149-->[:firebase_messaging] AndroidManifest.xml:22:13-37
150            <intent-filter>
150-->[:firebase_messaging] AndroidManifest.xml:23:13-25:29
151                <action android:name="com.google.firebase.MESSAGING_EVENT" />
151-->[:firebase_messaging] AndroidManifest.xml:24:17-78
151-->[:firebase_messaging] AndroidManifest.xml:24:25-75
152            </intent-filter>
153        </service>
154
155        <receiver
155-->[:firebase_messaging] AndroidManifest.xml:28:9-35:20
156            android:name="io.flutter.plugins.firebase.messaging.FlutterFirebaseMessagingReceiver"
156-->[:firebase_messaging] AndroidManifest.xml:29:13-98
157            android:exported="true"
157-->[:firebase_messaging] AndroidManifest.xml:30:13-36
158            android:permission="com.google.android.c2dm.permission.SEND" >
158-->[:firebase_messaging] AndroidManifest.xml:31:13-73
159            <intent-filter>
159-->[:firebase_messaging] AndroidManifest.xml:32:13-34:29
160                <action android:name="com.google.android.c2dm.intent.RECEIVE" />
160-->[:firebase_messaging] AndroidManifest.xml:33:17-81
160-->[:firebase_messaging] AndroidManifest.xml:33:25-78
161            </intent-filter>
162        </receiver>
163
164        <provider
164-->[:firebase_messaging] AndroidManifest.xml:43:9-47:38
165            android:name="io.flutter.plugins.firebase.messaging.FlutterFirebaseMessagingInitProvider"
165-->[:firebase_messaging] AndroidManifest.xml:44:13-102
166            android:authorities="com.fisis.fortune.app.fortunetell.flutterfirebasemessaginginitprovider"
166-->[:firebase_messaging] AndroidManifest.xml:45:13-88
167            android:exported="false"
167-->[:firebase_messaging] AndroidManifest.xml:46:13-37
168            android:initOrder="99" />
168-->[:firebase_messaging] AndroidManifest.xml:47:13-35
169        <provider
169-->[:image_picker_android] AndroidManifest.xml:10:9-18:20
170            android:name="io.flutter.plugins.imagepicker.ImagePickerFileProvider"
170-->[:image_picker_android] AndroidManifest.xml:11:13-82
171            android:authorities="com.fisis.fortune.app.fortunetell.flutter.image_provider"
171-->[:image_picker_android] AndroidManifest.xml:12:13-74
172            android:exported="false"
172-->[:image_picker_android] AndroidManifest.xml:13:13-37
173            android:grantUriPermissions="true" >
173-->[:image_picker_android] AndroidManifest.xml:14:13-47
174            <meta-data
174-->[:image_picker_android] AndroidManifest.xml:15:13-17:75
175                android:name="android.support.FILE_PROVIDER_PATHS"
175-->[:image_picker_android] AndroidManifest.xml:16:17-67
176                android:resource="@xml/flutter_image_picker_file_paths" />
176-->[:image_picker_android] AndroidManifest.xml:17:17-72
177        </provider>
178
179        <receiver
179-->[:awesome_notifications] AndroidManifest.xml:15:9-17:39
180            android:name="me.carda.awesome_notifications.DartNotificationActionReceiver"
180-->[:awesome_notifications] AndroidManifest.xml:16:13-89
181            android:exported="true" />
181-->[:awesome_notifications] AndroidManifest.xml:17:13-36
182        <receiver
182-->[:awesome_notifications] AndroidManifest.xml:18:9-20:39
183            android:name="me.carda.awesome_notifications.DartDismissedNotificationReceiver"
183-->[:awesome_notifications] AndroidManifest.xml:19:13-92
184            android:exported="true" />
184-->[:awesome_notifications] AndroidManifest.xml:20:13-36
185        <receiver
185-->[:awesome_notifications] AndroidManifest.xml:21:9-23:39
186            android:name="me.carda.awesome_notifications.DartScheduledNotificationReceiver"
186-->[:awesome_notifications] AndroidManifest.xml:22:13-92
187            android:exported="true" />
187-->[:awesome_notifications] AndroidManifest.xml:23:13-36
188        <receiver
188-->[:awesome_notifications] AndroidManifest.xml:24:9-38:20
189            android:name="me.carda.awesome_notifications.DartRefreshSchedulesReceiver"
189-->[:awesome_notifications] AndroidManifest.xml:25:13-87
190            android:enabled="true"
190-->[:awesome_notifications] AndroidManifest.xml:26:13-35
191            android:exported="true" >
191-->[:awesome_notifications] AndroidManifest.xml:27:13-36
192            <intent-filter>
192-->[:awesome_notifications] AndroidManifest.xml:28:13-37:29
193                <category android:name="android.intent.category.DEFAULT" />
193-->[:awesome_notifications] AndroidManifest.xml:29:17-76
193-->[:awesome_notifications] AndroidManifest.xml:29:27-73
194
195                <action android:name="android.intent.action.BOOT_COMPLETED" />
195-->[:awesome_notifications] AndroidManifest.xml:31:17-79
195-->[:awesome_notifications] AndroidManifest.xml:31:25-76
196                <action android:name="android.intent.action.LOCKED_BOOT_COMPLETED" />
196-->[:awesome_notifications] AndroidManifest.xml:32:17-86
196-->[:awesome_notifications] AndroidManifest.xml:32:25-83
197                <action android:name="android.intent.action.MY_PACKAGE_REPLACED" />
197-->[:awesome_notifications] AndroidManifest.xml:33:17-84
197-->[:awesome_notifications] AndroidManifest.xml:33:25-81
198                <action android:name="android.intent.action.QUICKBOOT_POWERON" />
198-->[:awesome_notifications] AndroidManifest.xml:34:17-82
198-->[:awesome_notifications] AndroidManifest.xml:34:25-79
199                <action android:name="com.htc.intent.action.QUICKBOOT_POWERON" />
199-->[:awesome_notifications] AndroidManifest.xml:35:17-82
199-->[:awesome_notifications] AndroidManifest.xml:35:25-79
200                <action android:name="android.app.action.SCHEDULE_EXACT_ALARM_PERMISSION_STATE_CHANGED" />
200-->[:awesome_notifications] AndroidManifest.xml:36:17-107
200-->[:awesome_notifications] AndroidManifest.xml:36:25-104
201            </intent-filter>
202        </receiver>
203
204        <service
204-->[:awesome_notifications] AndroidManifest.xml:40:9-43:72
205            android:name="me.carda.awesome_notifications.DartBackgroundService"
205-->[:awesome_notifications] AndroidManifest.xml:41:13-80
206            android:exported="false"
206-->[:awesome_notifications] AndroidManifest.xml:42:13-37
207            android:permission="android.permission.BIND_JOB_SERVICE" />
207-->[:awesome_notifications] AndroidManifest.xml:43:13-69
208        <service
208-->[:awesome_notifications] AndroidManifest.xml:44:9-49:43
209            android:name="me.carda.awesome_notifications.core.services.ForegroundService"
209-->[:awesome_notifications] AndroidManifest.xml:45:13-90
210            android:enabled="true"
210-->[:awesome_notifications] AndroidManifest.xml:46:13-35
211            android:exported="false"
211-->[:awesome_notifications] AndroidManifest.xml:47:13-37
212            android:foregroundServiceType="phoneCall"
212-->[:awesome_notifications] AndroidManifest.xml:48:13-54
213            android:stopWithTask="true" />
213-->[:awesome_notifications] AndroidManifest.xml:49:13-40
214
215        <receiver
215-->[:flutter_local_notifications] AndroidManifest.xml:16:9-18:40
216            android:name="com.dexterous.flutterlocalnotifications.ActionBroadcastReceiver"
216-->[:flutter_local_notifications] AndroidManifest.xml:17:13-91
217            android:exported="false" />
217-->[:flutter_local_notifications] AndroidManifest.xml:18:13-37
218        <receiver
218-->[:flutter_local_notifications] AndroidManifest.xml:19:9-21:40
219            android:name="com.dexterous.flutterlocalnotifications.ScheduledNotificationReceiver"
219-->[:flutter_local_notifications] AndroidManifest.xml:20:13-97
220            android:exported="false" />
220-->[:flutter_local_notifications] AndroidManifest.xml:21:13-37
221        <receiver
221-->[:flutter_local_notifications] AndroidManifest.xml:22:9-31:20
222            android:name="com.dexterous.flutterlocalnotifications.ScheduledNotificationBootReceiver"
222-->[:flutter_local_notifications] AndroidManifest.xml:23:13-101
223            android:exported="false" >
223-->[:flutter_local_notifications] AndroidManifest.xml:24:13-37
224            <intent-filter>
224-->[:flutter_local_notifications] AndroidManifest.xml:25:13-30:29
225                <action android:name="android.intent.action.BOOT_COMPLETED" />
225-->[:awesome_notifications] AndroidManifest.xml:31:17-79
225-->[:awesome_notifications] AndroidManifest.xml:31:25-76
226                <action android:name="android.intent.action.MY_PACKAGE_REPLACED" />
226-->[:awesome_notifications] AndroidManifest.xml:33:17-84
226-->[:awesome_notifications] AndroidManifest.xml:33:25-81
227                <action android:name="android.intent.action.QUICKBOOT_POWERON" />
227-->[:awesome_notifications] AndroidManifest.xml:34:17-82
227-->[:awesome_notifications] AndroidManifest.xml:34:25-79
228                <action android:name="com.htc.intent.action.QUICKBOOT_POWERON" />
228-->[:awesome_notifications] AndroidManifest.xml:35:17-82
228-->[:awesome_notifications] AndroidManifest.xml:35:25-79
229            </intent-filter>
230        </receiver>
231
232        <activity
232-->[:url_launcher_android] AndroidManifest.xml:10:9-13:74
233            android:name="io.flutter.plugins.urllauncher.WebViewActivity"
233-->[:url_launcher_android] AndroidManifest.xml:11:13-74
234            android:exported="false"
234-->[:url_launcher_android] AndroidManifest.xml:12:13-37
235            android:theme="@android:style/Theme.NoTitleBar.Fullscreen" />
235-->[:url_launcher_android] AndroidManifest.xml:13:13-71
236        <!--
237           Declares a provider which allows us to store files to share in
238           '.../caches/share_plus' and grant the receiving action access
239        -->
240        <provider
240-->[:share_plus] AndroidManifest.xml:15:9-23:20
241            android:name="dev.fluttercommunity.plus.share.ShareFileProvider"
241-->[:share_plus] AndroidManifest.xml:16:13-77
242            android:authorities="com.fisis.fortune.app.fortunetell.flutter.share_provider"
242-->[:share_plus] AndroidManifest.xml:17:13-74
243            android:exported="false"
243-->[:share_plus] AndroidManifest.xml:18:13-37
244            android:grantUriPermissions="true" >
244-->[:share_plus] AndroidManifest.xml:19:13-47
245            <meta-data
245-->[:image_picker_android] AndroidManifest.xml:15:13-17:75
246                android:name="android.support.FILE_PROVIDER_PATHS"
246-->[:image_picker_android] AndroidManifest.xml:16:17-67
247                android:resource="@xml/flutter_share_file_paths" />